Flow report for Proyecto_final
Fri May 31 04:16:55 2024
Quartus Prime Version 23.1std.0 Build 991 11/28/2023 SC Lite Edition


---------------------
; Table of Contents ;
---------------------
  1. Legal Notice
  2. Flow Summary
  3. Flow Settings
  4. Flow Non-Default Global Settings
  5. Flow Elapsed Time
  6. Flow OS Summary
  7. Flow Log
  8. Flow Messages
  9. Flow Suppressed Messages



----------------
; Legal Notice ;
----------------
Copyright (C) 2023  Intel Corporation. All rights reserved.
Your use of Intel Corporation's design tools, logic functions 
and other software and tools, and any partner logic 
functions, and any output files from any of the foregoing 
(including device programming or simulation files), and any 
associated documentation or information are expressly subject 
to the terms and conditions of the Intel Program License 
Subscription Agreement, the Intel Quartus Prime License Agreement,
the Intel FPGA IP License Agreement, or other applicable license
agreement, including, without limitation, that your use is for
the sole purpose of programming logic devices manufactured by
Intel and sold by Intel or its authorized distributors.  Please
refer to the applicable agreement for further details, at
https://fpgasoftware.intel.com/eula.



+-------------------------------------------------------------------------------------+
; Flow Summary                                                                        ;
+------------------------------------+------------------------------------------------+
; Flow Status                        ; Successful - Fri May 31 04:16:55 2024          ;
; Quartus Prime Version              ; 23.1std.0 Build 991 11/28/2023 SC Lite Edition ;
; Revision Name                      ; Proyecto_final                                 ;
; Top-level Entity Name              ; ProyectoF                                      ;
; Family                             ; MAX 10                                         ;
; Device                             ; 10M50DAF484C7G                                 ;
; Timing Models                      ; Final                                          ;
; Total logic elements               ; 978 / 49,760 ( 2 % )                           ;
;     Total combinational functions  ; 974 / 49,760 ( 2 % )                           ;
;     Dedicated logic registers      ; 323 / 49,760 ( < 1 % )                         ;
; Total registers                    ; 323                                            ;
; Total pins                         ; 41 / 360 ( 11 % )                              ;
; Total virtual pins                 ; 0                                              ;
; Total memory bits                  ; 0 / 1,677,312 ( 0 % )                          ;
; Embedded Multiplier 9-bit elements ; 2 / 288 ( < 1 % )                              ;
; Total PLLs                         ; 0 / 4 ( 0 % )                                  ;
; UFM blocks                         ; 0 / 1 ( 0 % )                                  ;
; ADC blocks                         ; 0 / 2 ( 0 % )                                  ;
+------------------------------------+------------------------------------------------+


+-----------------------------------------+
; Flow Settings                           ;
+-------------------+---------------------+
; Option            ; Setting             ;
+-------------------+---------------------+
; Start date & time ; 05/31/2024 04:16:18 ;
; Main task         ; Compilation         ;
; Revision Name     ; Proyecto_final      ;
+-------------------+---------------------+


+-------------------------------------------------------------------------------------------------------------------------------------------------+
; Flow Non-Default Global Settings                                                                                                                ;
+-------------------------------------+----------------------------------------+----------------+-------------+-----------------------------------+
; Assignment Name                     ; Value                                  ; Default Value  ; Entity Name ; Section Id                        ;
+-------------------------------------+----------------------------------------+----------------+-------------+-----------------------------------+
; COMPILER_SIGNATURE_ID               ; 26601941415410.171715057810888         ; --             ; --          ; --                                ;
; EDA_GENERATE_FUNCTIONAL_NETLIST     ; Off                                    ; --             ; --          ; eda_board_design_timing           ;
; EDA_GENERATE_FUNCTIONAL_NETLIST     ; Off                                    ; --             ; --          ; eda_board_design_boundary_scan    ;
; EDA_GENERATE_FUNCTIONAL_NETLIST     ; Off                                    ; --             ; --          ; eda_board_design_signal_integrity ;
; EDA_GENERATE_FUNCTIONAL_NETLIST     ; Off                                    ; --             ; --          ; eda_board_design_symbol           ;
; EDA_OUTPUT_DATA_FORMAT              ; Vhdl                                   ; --             ; --          ; eda_simulation                    ;
; EDA_SIMULATION_TOOL                 ; Questa Intel FPGA (VHDL)               ; <None>         ; --          ; --                                ;
; EDA_TIME_SCALE                      ; 1 ps                                   ; --             ; --          ; eda_simulation                    ;
; MAX_CORE_JUNCTION_TEMP              ; 85                                     ; --             ; --          ; --                                ;
; MIN_CORE_JUNCTION_TEMP              ; 0                                      ; --             ; --          ; --                                ;
; PARTITION_COLOR                     ; -- (Not supported for targeted family) ; --             ; Proyectof   ; Top                               ;
; PARTITION_FITTER_PRESERVATION_LEVEL ; -- (Not supported for targeted family) ; --             ; Proyectof   ; Top                               ;
; PARTITION_NETLIST_TYPE              ; -- (Not supported for targeted family) ; --             ; Proyectof   ; Top                               ;
; POWER_BOARD_THERMAL_MODEL           ; None (CONSERVATIVE)                    ; --             ; --          ; --                                ;
; POWER_PRESET_COOLING_SOLUTION       ; 23 MM HEAT SINK WITH 200 LFPM AIRFLOW  ; --             ; --          ; --                                ;
; PROJECT_OUTPUT_DIRECTORY            ; output_files                           ; --             ; --          ; --                                ;
; TOP_LEVEL_ENTITY                    ; Proyectof                              ; Proyecto_final ; --          ; --                                ;
+-------------------------------------+----------------------------------------+----------------+-------------+-----------------------------------+


+--------------------------------------------------------------------------------------------------------------------------+
; Flow Elapsed Time                                                                                                        ;
+----------------------+--------------+-------------------------+---------------------+------------------------------------+
; Module Name          ; Elapsed Time ; Average Processors Used ; Peak Virtual Memory ; Total CPU Time (on all processors) ;
+----------------------+--------------+-------------------------+---------------------+------------------------------------+
; Analysis & Synthesis ; 00:00:13     ; 1.0                     ; 4817 MB             ; 00:00:18                           ;
; Fitter               ; 00:00:14     ; 1.1                     ; 5636 MB             ; 00:00:12                           ;
; Assembler            ; 00:00:04     ; 1.0                     ; 4719 MB             ; 00:00:02                           ;
; Timing Analyzer      ; 00:00:03     ; 1.3                     ; 4834 MB             ; 00:00:03                           ;
; EDA Netlist Writer   ; 00:00:00     ; 1.0                     ; 4653 MB             ; 00:00:01                           ;
; Total                ; 00:00:34     ; --                      ; --                  ; 00:00:36                           ;
+----------------------+--------------+-------------------------+---------------------+------------------------------------+


+------------------------------------------------------------------------------------+
; Flow OS Summary                                                                    ;
+----------------------+------------------+------------+------------+----------------+
; Module Name          ; Machine Hostname ; OS Name    ; OS Version ; Processor type ;
+----------------------+------------------+------------+------------+----------------+
; Analysis & Synthesis ; Windows          ; Windows 10 ; 10.0       ; x86_64         ;
; Fitter               ; Windows          ; Windows 10 ; 10.0       ; x86_64         ;
; Assembler            ; Windows          ; Windows 10 ; 10.0       ; x86_64         ;
; Timing Analyzer      ; Windows          ; Windows 10 ; 10.0       ; x86_64         ;
; EDA Netlist Writer   ; Windows          ; Windows 10 ; 10.0       ; x86_64         ;
+----------------------+------------------+------------+------------+----------------+


------------
; Flow Log ;
------------
quartus_map --read_settings_files=on --write_settings_files=off Proyecto_final -c Proyecto_final
quartus_fit --read_settings_files=off --write_settings_files=off Proyecto_final -c Proyecto_final
quartus_asm --read_settings_files=off --write_settings_files=off Proyecto_final -c Proyecto_final
quartus_sta Proyecto_final -c Proyecto_final
quartus_eda --read_settings_files=off --write_settings_files=off Proyecto_final -c Proyecto_final



